--------------------------------------------------------------------------------
Release 14.6 Trace  (lin)
Copyright (c) 1995-2013 Xilinx, Inc.  All rights reserved.

/opt/xilinx/14.6/ISE_DS/ISE/bin/lin/unwrapped/trce -intstyle ise -v 3 -s 1 -n 3
-fastpaths -xml final_top.twx final_top.ncd -o final_top.twr final_top.pcf -ucf
final_top.ucf

Design file:              final_top.ncd
Physical constraint file: final_top.pcf
Device,package,speed:     xc5vlx110t,ff1136,-1 (PRODUCTION 1.73 2013-06-08, STEPPING level 0)
Report level:             verbose report

Environment Variable      Effect 
--------------------      ------ 
NONE                      No environment variables were set
--------------------------------------------------------------------------------

INFO:Timing:3412 - To improve timing, see the Timing Closure User Guide (UG612).
INFO:Timing:2752 - To get complete path coverage, use the unconstrained paths 
   option. All paths that are not constrained will be reported in the 
   unconstrained paths section(s) of the report.
INFO:Timing:3339 - The clock-to-out numbers in this timing report are based on 
   a 50 Ohm transmission line loading model.  For the details of this model, 
   and for more information on accounting for different loading conditions, 
   please see the device datasheet.

================================================================================
Timing constraint: TS_clock = PERIOD TIMEGRP "clock" 10 ns HIGH 50%;
For more information, see Period Analysis in the Timing Closure User Guide (UG612).

 1997516 paths analyzed, 8403 endpoints analyzed, 0 failing endpoints
 0 timing errors detected. (0 setup errors, 0 hold errors, 0 component switching limit errors)
 Minimum period is   9.951ns.
--------------------------------------------------------------------------------

Paths for end point music_player_v2/note_player_two/dynamics/Mmult_decayed_sample_reg_mult0001 (DSP48_X0Y24.A21), 6269 paths
--------------------------------------------------------------------------------
Slack (setup path):     0.049ns (requirement - (data path - clock path skew + uncertainty))
  Source:               music_player_v2/note_player_two/sine_reader_2/pipe/q_1 (FF)
  Destination:          music_player_v2/note_player_two/dynamics/Mmult_decayed_sample_reg_mult0001 (DSP)
  Requirement:          10.000ns
  Data Path Delay:      9.630ns (Levels of Logic = 9)
  Clock Path Skew:      -0.286ns (1.303 - 1.589)
  Source Clock:         clk_IBUF rising at 0.000ns
  Destination Clock:    clk_IBUF rising at 10.000ns
  Clock Uncertainty:    0.035ns

  Clock Uncertainty:          0.035ns  ((TSJ^2 + TIJ^2)^1/2 + DJ) / 2 + PE
    Total System Jitter (TSJ):  0.070ns
    Total Input Jitter (TIJ):   0.000ns
    Discrete Jitter (DJ):       0.000ns
    Phase Error (PE):           0.000ns

  Maximum Data Path: music_player_v2/note_player_two/sine_reader_2/pipe/q_1 to music_player_v2/note_player_two/dynamics/Mmult_decayed_sample_reg_mult0001
    Location             Delay type         Delay(ns)  Physical Resource
                                                       Logical Resource(s)
    -------------------------------------------------  -------------------
    SLICE_X21Y38.BQ      Tcko                  0.450   music_player_v2/note_player_two/sine_reader_2/pipe/q<3>
                                                       music_player_v2/note_player_two/sine_reader_2/pipe/q_1
    SLICE_X20Y42.B3      net (fanout=2)        0.801   music_player_v2/note_player_two/sine_reader_2/pipe/q<1>
    SLICE_X20Y42.COUT    Topcyb                0.483   music_player_v2/note_player_two/Madd__old_weighted_sample_2_help1_reg_5_cy<3>
                                                       music_player_v2/note_player_two/weighted_sample_2_help1_reg_not0000<1>1_INV_0
                                                       music_player_v2/note_player_two/Madd__old_weighted_sample_2_help1_reg_5_cy<3>
    SLICE_X20Y43.CIN     net (fanout=1)        0.000   music_player_v2/note_player_two/Madd__old_weighted_sample_2_help1_reg_5_cy<3>
    SLICE_X20Y43.AMUX    Tcina                 0.274   music_player_v2/note_player_two/Madd__old_weighted_sample_2_help1_reg_5_cy<7>
                                                       music_player_v2/note_player_two/Madd__old_weighted_sample_2_help1_reg_5_cy<7>
    SLICE_X24Y44.A1      net (fanout=1)        1.044   music_player_v2/note_player_two/_old_weighted_sample_2_help1_reg_5<4>
    SLICE_X24Y44.AMUX    Topaa                 0.374   music_player_v2/note_player_two/Madd_weighted_sample_2_reg_addsub0000_cy<7>
                                                       music_player_v2/note_player_two/weighted_sample_2_reg_not0000<4>1_INV_0
                                                       music_player_v2/note_player_two/Madd_weighted_sample_2_reg_addsub0000_cy<7>
    SLICE_X27Y43.A1      net (fanout=1)        0.846   music_player_v2/note_player_two/weighted_sample_2_reg_addsub0000<4>
    SLICE_X27Y43.A       Tilo                  0.094   music_player_v2/note_player_two/weighted_sample_2_reg<3>
                                                       music_player_v2/note_player_two/weighted_sample_2_reg<4>1
    SLICE_X27Y41.C1      net (fanout=3)        0.849   music_player_v2/note_player_two/weighted_sample_2_reg<4>
    SLICE_X27Y41.C       Tilo                  0.094   music_player_v2/note_player_two/weighted_sample_3_reg<4>
                                                       music_player_v2/note_player_two/Madd_sample_in_next_addsub0001C31
    SLICE_X22Y46.BX      net (fanout=1)        0.804   music_player_v2/note_player_two/Madd_sample_in_next_addsub0001C3
    SLICE_X22Y46.COUT    Tbxcy                 0.346   music_player_v2/note_player_two/Madd_sample_in_next_addsub0001_Madd_cy<7>
                                                       music_player_v2/note_player_two/Madd_sample_in_next_addsub0001_Madd_cy<7>
    SLICE_X22Y47.CIN     net (fanout=1)        0.000   music_player_v2/note_player_two/Madd_sample_in_next_addsub0001_Madd_cy<7>
    SLICE_X22Y47.COUT    Tbyp                  0.104   music_player_v2/note_player_two/Madd_sample_in_next_addsub0001_Madd_cy<11>
                                                       music_player_v2/note_player_two/Madd_sample_in_next_addsub0001_Madd_cy<11>
    SLICE_X22Y48.CIN     net (fanout=1)        0.000   music_player_v2/note_player_two/Madd_sample_in_next_addsub0001_Madd_cy<11>
    SLICE_X22Y48.CMUX    Tcinc                 0.334   music_player_v2/note_player_two/sample_in_next_addsub0001<15>
                                                       music_player_v2/note_player_two/Madd_sample_in_next_addsub0001_Madd_xor<15>
    SLICE_X26Y59.C1      net (fanout=1)        1.456   music_player_v2/note_player_two/sample_in_next_addsub0001<14>
    SLICE_X26Y59.C       Tilo                  0.094   music_player_v2/note_player_two/pipe2/q<15>
                                                       music_player_v2/note_player_two/sample_in_next<14>1
    DSP48_X0Y24.A21      net (fanout=1)        0.927   music_player_v2/note_player_two/sample_in_next<14>
    DSP48_X0Y24.CLK      Tdspdck_AA            0.256   music_player_v2/note_player_two/dynamics/Mmult_decayed_sample_reg_mult0001
                                                       music_player_v2/note_player_two/dynamics/Mmult_decayed_sample_reg_mult0001
    -------------------------------------------------  ---------------------------
    Total                                      9.630ns (2.903ns logic, 6.727ns route)
                                                       (30.1% logic, 69.9% route)

--------------------------------------------------------------------------------
Slack (setup path):     0.122ns (requirement - (data path - clock path skew + uncertainty))
  Source:               music_player_v2/note_player_two/sine_reader_2/pipe/q_0 (FF)
  Destination:          music_player_v2/note_player_two/dynamics/Mmult_decayed_sample_reg_mult0001 (DSP)
  Requirement:          10.000ns
  Data Path Delay:      9.557ns (Levels of Logic = 9)
  Clock Path Skew:      -0.286ns (1.303 - 1.589)
  Source Clock:         clk_IBUF rising at 0.000ns
  Destination Clock:    clk_IBUF rising at 10.000ns
  Clock Uncertainty:    0.035ns

  Clock Uncertainty:          0.035ns  ((TSJ^2 + TIJ^2)^1/2 + DJ) / 2 + PE
    Total System Jitter (TSJ):  0.070ns
    Total Input Jitter (TIJ):   0.000ns
    Discrete Jitter (DJ):       0.000ns
    Phase Error (PE):           0.000ns

  Maximum Data Path: music_player_v2/note_player_two/sine_reader_2/pipe/q_0 to music_player_v2/note_player_two/dynamics/Mmult_decayed_sample_reg_mult0001
    Location             Delay type         Delay(ns)  Physical Resource
                                                       Logical Resource(s)
    -------------------------------------------------  -------------------
    SLICE_X21Y38.AQ      Tcko                  0.450   music_player_v2/note_player_two/sine_reader_2/pipe/q<3>
                                                       music_player_v2/note_player_two/sine_reader_2/pipe/q_0
    SLICE_X20Y42.A4      net (fanout=3)        0.712   music_player_v2/note_player_two/sine_reader_2/pipe/q<0>
    SLICE_X20Y42.AMUX    Topaa                 0.374   music_player_v2/note_player_two/Madd__old_weighted_sample_2_help1_reg_5_cy<3>
                                                       music_player_v2/note_player_two/sine_reader_2/pipe/q<0>_rt
                                                       music_player_v2/note_player_two/Madd__old_weighted_sample_2_help1_reg_5_cy<3>
    SLICE_X24Y43.A1      net (fanout=1)        1.044   music_player_v2/note_player_two/_old_weighted_sample_2_help1_reg_5<0>
    SLICE_X24Y43.COUT    Topcya                0.499   music_player_v2/note_player_two/Madd_weighted_sample_2_reg_addsub0000_cy<3>
                                                       music_player_v2/note_player_two/_old_weighted_sample_2_help1_reg_5<0>_rt
                                                       music_player_v2/note_player_two/Madd_weighted_sample_2_reg_addsub0000_cy<3>
    SLICE_X24Y44.CIN     net (fanout=1)        0.000   music_player_v2/note_player_two/Madd_weighted_sample_2_reg_addsub0000_cy<3>
    SLICE_X24Y44.AMUX    Tcina                 0.274   music_player_v2/note_player_two/Madd_weighted_sample_2_reg_addsub0000_cy<7>
                                                       music_player_v2/note_player_two/Madd_weighted_sample_2_reg_addsub0000_cy<7>
    SLICE_X27Y43.A1      net (fanout=1)        0.846   music_player_v2/note_player_two/weighted_sample_2_reg_addsub0000<4>
    SLICE_X27Y43.A       Tilo                  0.094   music_player_v2/note_player_two/weighted_sample_2_reg<3>
                                                       music_player_v2/note_player_two/weighted_sample_2_reg<4>1
    SLICE_X27Y41.C1      net (fanout=3)        0.849   music_player_v2/note_player_two/weighted_sample_2_reg<4>
    SLICE_X27Y41.C       Tilo                  0.094   music_player_v2/note_player_two/weighted_sample_3_reg<4>
                                                       music_player_v2/note_player_two/Madd_sample_in_next_addsub0001C31
    SLICE_X22Y46.BX      net (fanout=1)        0.804   music_player_v2/note_player_two/Madd_sample_in_next_addsub0001C3
    SLICE_X22Y46.COUT    Tbxcy                 0.346   music_player_v2/note_player_two/Madd_sample_in_next_addsub0001_Madd_cy<7>
                                                       music_player_v2/note_player_two/Madd_sample_in_next_addsub0001_Madd_cy<7>
    SLICE_X22Y47.CIN     net (fanout=1)        0.000   music_player_v2/note_player_two/Madd_sample_in_next_addsub0001_Madd_cy<7>
    SLICE_X22Y47.COUT    Tbyp                  0.104   music_player_v2/note_player_two/Madd_sample_in_next_addsub0001_Madd_cy<11>
                                                       music_player_v2/note_player_two/Madd_sample_in_next_addsub0001_Madd_cy<11>
    SLICE_X22Y48.CIN     net (fanout=1)        0.000   music_player_v2/note_player_two/Madd_sample_in_next_addsub0001_Madd_cy<11>
    SLICE_X22Y48.CMUX    Tcinc                 0.334   music_player_v2/note_player_two/sample_in_next_addsub0001<15>
                                                       music_player_v2/note_player_two/Madd_sample_in_next_addsub0001_Madd_xor<15>
    SLICE_X26Y59.C1      net (fanout=1)        1.456   music_player_v2/note_player_two/sample_in_next_addsub0001<14>
    SLICE_X26Y59.C       Tilo                  0.094   music_player_v2/note_player_two/pipe2/q<15>
                                                       music_player_v2/note_player_two/sample_in_next<14>1
    DSP48_X0Y24.A21      net (fanout=1)        0.927   music_player_v2/note_player_two/sample_in_next<14>
    DSP48_X0Y24.CLK      Tdspdck_AA            0.256   music_player_v2/note_player_two/dynamics/Mmult_decayed_sample_reg_mult0001
                                                       music_player_v2/note_player_two/dynamics/Mmult_decayed_sample_reg_mult0001
    -------------------------------------------------  ---------------------------
    Total                                      9.557ns (2.919ns logic, 6.638ns route)
                                                       (30.5% logic, 69.5% route)

--------------------------------------------------------------------------------
Slack (setup path):     0.122ns (requirement - (data path - clock path skew + uncertainty))
  Source:               music_player_v2/note_player_two/sine_reader_2/pipe/q_0 (FF)
  Destination:          music_player_v2/note_player_two/dynamics/Mmult_decayed_sample_reg_mult0001 (DSP)
  Requirement:          10.000ns
  Data Path Delay:      9.557ns (Levels of Logic = 9)
  Clock Path Skew:      -0.286ns (1.303 - 1.589)
  Source Clock:         clk_IBUF rising at 0.000ns
  Destination Clock:    clk_IBUF rising at 10.000ns
  Clock Uncertainty:    0.035ns

  Clock Uncertainty:          0.035ns  ((TSJ^2 + TIJ^2)^1/2 + DJ) / 2 + PE
    Total System Jitter (TSJ):  0.070ns
    Total Input Jitter (TIJ):   0.000ns
    Discrete Jitter (DJ):       0.000ns
    Phase Error (PE):           0.000ns

  Maximum Data Path: music_player_v2/note_player_two/sine_reader_2/pipe/q_0 to music_player_v2/note_player_two/dynamics/Mmult_decayed_sample_reg_mult0001
    Location             Delay type         Delay(ns)  Physical Resource
                                                       Logical Resource(s)
    -------------------------------------------------  -------------------
    SLICE_X21Y38.AQ      Tcko                  0.450   music_player_v2/note_player_two/sine_reader_2/pipe/q<3>
                                                       music_player_v2/note_player_two/sine_reader_2/pipe/q_0
    SLICE_X20Y42.A4      net (fanout=3)        0.712   music_player_v2/note_player_two/sine_reader_2/pipe/q<0>
    SLICE_X20Y42.COUT    Topcya                0.499   music_player_v2/note_player_two/Madd__old_weighted_sample_2_help1_reg_5_cy<3>
                                                       music_player_v2/note_player_two/sine_reader_2/pipe/q<0>_rt
                                                       music_player_v2/note_player_two/Madd__old_weighted_sample_2_help1_reg_5_cy<3>
    SLICE_X20Y43.CIN     net (fanout=1)        0.000   music_player_v2/note_player_two/Madd__old_weighted_sample_2_help1_reg_5_cy<3>
    SLICE_X20Y43.AMUX    Tcina                 0.274   music_player_v2/note_player_two/Madd__old_weighted_sample_2_help1_reg_5_cy<7>
                                                       music_player_v2/note_player_two/Madd__old_weighted_sample_2_help1_reg_5_cy<7>
    SLICE_X24Y44.A1      net (fanout=1)        1.044   music_player_v2/note_player_two/_old_weighted_sample_2_help1_reg_5<4>
    SLICE_X24Y44.AMUX    Topaa                 0.374   music_player_v2/note_player_two/Madd_weighted_sample_2_reg_addsub0000_cy<7>
                                                       music_player_v2/note_player_two/weighted_sample_2_reg_not0000<4>1_INV_0
                                                       music_player_v2/note_player_two/Madd_weighted_sample_2_reg_addsub0000_cy<7>
    SLICE_X27Y43.A1      net (fanout=1)        0.846   music_player_v2/note_player_two/weighted_sample_2_reg_addsub0000<4>
    SLICE_X27Y43.A       Tilo                  0.094   music_player_v2/note_player_two/weighted_sample_2_reg<3>
                                                       music_player_v2/note_player_two/weighted_sample_2_reg<4>1
    SLICE_X27Y41.C1      net (fanout=3)        0.849   music_player_v2/note_player_two/weighted_sample_2_reg<4>
    SLICE_X27Y41.C       Tilo                  0.094   music_player_v2/note_player_two/weighted_sample_3_reg<4>
                                                       music_player_v2/note_player_two/Madd_sample_in_next_addsub0001C31
    SLICE_X22Y46.BX      net (fanout=1)        0.804   music_player_v2/note_player_two/Madd_sample_in_next_addsub0001C3
    SLICE_X22Y46.COUT    Tbxcy                 0.346   music_player_v2/note_player_two/Madd_sample_in_next_addsub0001_Madd_cy<7>
                                                       music_player_v2/note_player_two/Madd_sample_in_next_addsub0001_Madd_cy<7>
    SLICE_X22Y47.CIN     net (fanout=1)        0.000   music_player_v2/note_player_two/Madd_sample_in_next_addsub0001_Madd_cy<7>
    SLICE_X22Y47.COUT    Tbyp                  0.104   music_player_v2/note_player_two/Madd_sample_in_next_addsub0001_Madd_cy<11>
                                                       music_player_v2/note_player_two/Madd_sample_in_next_addsub0001_Madd_cy<11>
    SLICE_X22Y48.CIN     net (fanout=1)        0.000   music_player_v2/note_player_two/Madd_sample_in_next_addsub0001_Madd_cy<11>
    SLICE_X22Y48.CMUX    Tcinc                 0.334   music_player_v2/note_player_two/sample_in_next_addsub0001<15>
                                                       music_player_v2/note_player_two/Madd_sample_in_next_addsub0001_Madd_xor<15>
    SLICE_X26Y59.C1      net (fanout=1)        1.456   music_player_v2/note_player_two/sample_in_next_addsub0001<14>
    SLICE_X26Y59.C       Tilo                  0.094   music_player_v2/note_player_two/pipe2/q<15>
                                                       music_player_v2/note_player_two/sample_in_next<14>1
    DSP48_X0Y24.A21      net (fanout=1)        0.927   music_player_v2/note_player_two/sample_in_next<14>
    DSP48_X0Y24.CLK      Tdspdck_AA            0.256   music_player_v2/note_player_two/dynamics/Mmult_decayed_sample_reg_mult0001
                                                       music_player_v2/note_player_two/dynamics/Mmult_decayed_sample_reg_mult0001
    -------------------------------------------------  ---------------------------
    Total                                      9.557ns (2.919ns logic, 6.638ns route)
                                                       (30.5% logic, 69.5% route)

--------------------------------------------------------------------------------

Paths for end point music_player_v2/note_player_three/pipe/q_11 (SLICE_X18Y57.A6), 3836 paths
--------------------------------------------------------------------------------
Slack (setup path):     0.089ns (requirement - (data path - clock path skew + uncertainty))
  Source:               music_player_v2/note_player_three/pipe7/q_0 (FF)
  Destination:          music_player_v2/note_player_three/pipe/q_11 (FF)
  Requirement:          10.000ns
  Data Path Delay:      9.850ns (Levels of Logic = 13)
  Clock Path Skew:      -0.026ns (0.654 - 0.680)
  Source Clock:         clk_IBUF rising at 0.000ns
  Destination Clock:    clk_IBUF rising at 10.000ns
  Clock Uncertainty:    0.035ns

  Clock Uncertainty:          0.035ns  ((TSJ^2 + TIJ^2)^1/2 + DJ) / 2 + PE
    Total System Jitter (TSJ):  0.070ns
    Total Input Jitter (TIJ):   0.000ns
    Discrete Jitter (DJ):       0.000ns
    Phase Error (PE):           0.000ns

  Maximum Data Path: music_player_v2/note_player_three/pipe7/q_0 to music_player_v2/note_player_three/pipe/q_11
    Location             Delay type         Delay(ns)  Physical Resource
                                                       Logical Resource(s)
    -------------------------------------------------  -------------------
    SLICE_X13Y54.DQ      Tcko                  0.450   music_player_v2/note_player_three/pipe7/q<0>
                                                       music_player_v2/note_player_three/pipe7/q_0
    SLICE_X13Y54.A5      net (fanout=2)        0.528   music_player_v2/note_player_three/pipe7/q<0>
    SLICE_X13Y54.COUT    Topcya                0.509   music_player_v2/note_player_three/pipe7/q<0>
                                                       music_player_v2/note_player_three/pipe7/q<0>_rt
                                                       music_player_v2/note_player_three/dynamics/Madd__old_sample_help_reg1_9_cy<3>
    SLICE_X13Y55.CIN     net (fanout=1)        0.000   music_player_v2/note_player_three/dynamics/Madd__old_sample_help_reg1_9_cy<3>
    SLICE_X13Y55.COUT    Tbyp                  0.104   music_player_v2/note_player_three/dynamics/Madd__old_sample_help_reg1_9_cy<7>
                                                       music_player_v2/note_player_three/dynamics/Madd__old_sample_help_reg1_9_cy<7>
    SLICE_X13Y56.CIN     net (fanout=1)        0.000   music_player_v2/note_player_three/dynamics/Madd__old_sample_help_reg1_9_cy<7>
    SLICE_X13Y56.COUT    Tbyp                  0.104   music_player_v2/note_player_three/dynamics/Madd__old_sample_help_reg1_9_cy<11>
                                                       music_player_v2/note_player_three/dynamics/Madd__old_sample_help_reg1_9_cy<11>
    SLICE_X13Y57.CIN     net (fanout=1)        0.000   music_player_v2/note_player_three/dynamics/Madd__old_sample_help_reg1_9_cy<11>
    SLICE_X13Y57.BMUX    Tcinb                 0.335   music_player_v2/note_player_three/dynamics/_old_sample_help_reg1_9<15>
                                                       music_player_v2/note_player_three/dynamics/Madd__old_sample_help_reg1_9_xor<15>
    DSP48_X0Y21.A20      net (fanout=1)        1.187   music_player_v2/note_player_three/dynamics/_old_sample_help_reg1_9<13>
    DSP48_X0Y21.P2       Tdspdo_AP_M           3.646   music_player_v2/note_player_three/dynamics/Mmult_sample_help_reg2_mult0001
                                                       music_player_v2/note_player_three/dynamics/Mmult_sample_help_reg2_mult0001
    SLICE_X19Y50.C4      net (fanout=1)        1.170   music_player_v2/note_player_three/dynamics/sample_help_reg2_mult0001<2>
    SLICE_X19Y50.COUT    Topcyc                0.423   music_player_v2/note_player_three/dynamics/Madd_decayed_sample_reg_addsub0000_cy<3>
                                                       music_player_v2/note_player_three/dynamics/Madd_decayed_sample_reg_not0000<2>1_INV_0
                                                       music_player_v2/note_player_three/dynamics/Madd_decayed_sample_reg_addsub0000_cy<3>
    SLICE_X19Y51.CIN     net (fanout=1)        0.000   music_player_v2/note_player_three/dynamics/Madd_decayed_sample_reg_addsub0000_cy<3>
    SLICE_X19Y51.COUT    Tbyp                  0.104   music_player_v2/note_player_three/dynamics/Madd_decayed_sample_reg_addsub0000_cy<7>
                                                       music_player_v2/note_player_three/dynamics/Madd_decayed_sample_reg_addsub0000_cy<7>
    SLICE_X19Y52.CIN     net (fanout=1)        0.000   music_player_v2/note_player_three/dynamics/Madd_decayed_sample_reg_addsub0000_cy<7>
    SLICE_X19Y52.COUT    Tbyp                  0.104   music_player_v2/note_player_three/dynamics/Madd_decayed_sample_reg_addsub0000_cy<11>
                                                       music_player_v2/note_player_three/dynamics/Madd_decayed_sample_reg_addsub0000_cy<11>
    SLICE_X19Y53.CIN     net (fanout=1)        0.000   music_player_v2/note_player_three/dynamics/Madd_decayed_sample_reg_addsub0000_cy<11>
    SLICE_X19Y53.COUT    Tbyp                  0.104   music_player_v2/note_player_three/dynamics/Madd_decayed_sample_reg_addsub0000_cy<15>
                                                       music_player_v2/note_player_three/dynamics/Madd_decayed_sample_reg_addsub0000_cy<15>
    SLICE_X19Y54.CIN     net (fanout=1)        0.000   music_player_v2/note_player_three/dynamics/Madd_decayed_sample_reg_addsub0000_cy<15>
    SLICE_X19Y54.COUT    Tbyp                  0.104   music_player_v2/note_player_three/dynamics/Madd_decayed_sample_reg_addsub0000_cy<19>
                                                       music_player_v2/note_player_three/dynamics/Madd_decayed_sample_reg_addsub0000_cy<19>
    SLICE_X19Y55.CIN     net (fanout=1)        0.000   music_player_v2/note_player_three/dynamics/Madd_decayed_sample_reg_addsub0000_cy<19>
    SLICE_X19Y55.COUT    Tbyp                  0.104   music_player_v2/note_player_three/dynamics/Madd_decayed_sample_reg_addsub0000_cy<23>
                                                       music_player_v2/note_player_three/dynamics/Madd_decayed_sample_reg_addsub0000_cy<23>
    SLICE_X19Y56.CIN     net (fanout=1)        0.000   music_player_v2/note_player_three/dynamics/Madd_decayed_sample_reg_addsub0000_cy<23>
    SLICE_X19Y56.DMUX    Tcind                 0.402   music_player_v2/note_player_three/dynamics/Madd_decayed_sample_reg_addsub0000_cy<27>
                                                       music_player_v2/note_player_three/dynamics/Madd_decayed_sample_reg_addsub0000_cy<27>
    SLICE_X18Y57.A6      net (fanout=1)        0.446   music_player_v2/note_player_three/dynamics/decayed_sample_reg_addsub0000<27>
    SLICE_X18Y57.CLK     Tas                   0.026   music_player_v2/note_player_three/pipe/q<14>
                                                       music_player_v2/note_player_three/dynamics/sample_out<11>1
                                                       music_player_v2/note_player_three/pipe/q_11
    -------------------------------------------------  ---------------------------
    Total                                      9.850ns (6.519ns logic, 3.331ns route)
                                                       (66.2% logic, 33.8% route)

--------------------------------------------------------------------------------
Slack (setup path):     0.113ns (requirement - (data path - clock path skew + uncertainty))
  Source:               music_player_v2/note_player_three/pipe7/q_0 (FF)
  Destination:          music_player_v2/note_player_three/pipe/q_11 (FF)
  Requirement:          10.000ns
  Data Path Delay:      9.826ns (Levels of Logic = 13)
  Clock Path Skew:      -0.026ns (0.654 - 0.680)
  Source Clock:         clk_IBUF rising at 0.000ns
  Destination Clock:    clk_IBUF rising at 10.000ns
  Clock Uncertainty:    0.035ns

  Clock Uncertainty:          0.035ns  ((TSJ^2 + TIJ^2)^1/2 + DJ) / 2 + PE
    Total System Jitter (TSJ):  0.070ns
    Total Input Jitter (TIJ):   0.000ns
    Discrete Jitter (DJ):       0.000ns
    Phase Error (PE):           0.000ns

  Maximum Data Path: music_player_v2/note_player_three/pipe7/q_0 to music_player_v2/note_player_three/pipe/q_11
    Location             Delay type         Delay(ns)  Physical Resource
                                                       Logical Resource(s)
    -------------------------------------------------  -------------------
    SLICE_X13Y54.DQ      Tcko                  0.450   music_player_v2/note_player_three/pipe7/q<0>
                                                       music_player_v2/note_player_three/pipe7/q_0
    SLICE_X13Y54.A5      net (fanout=2)        0.528   music_player_v2/note_player_three/pipe7/q<0>
    SLICE_X13Y54.COUT    Topcya                0.509   music_player_v2/note_player_three/pipe7/q<0>
                                                       music_player_v2/note_player_three/pipe7/q<0>_rt
                                                       music_player_v2/note_player_three/dynamics/Madd__old_sample_help_reg1_9_cy<3>
    SLICE_X13Y55.CIN     net (fanout=1)        0.000   music_player_v2/note_player_three/dynamics/Madd__old_sample_help_reg1_9_cy<3>
    SLICE_X13Y55.COUT    Tbyp                  0.104   music_player_v2/note_player_three/dynamics/Madd__old_sample_help_reg1_9_cy<7>
                                                       music_player_v2/note_player_three/dynamics/Madd__old_sample_help_reg1_9_cy<7>
    SLICE_X13Y56.CIN     net (fanout=1)        0.000   music_player_v2/note_player_three/dynamics/Madd__old_sample_help_reg1_9_cy<7>
    SLICE_X13Y56.COUT    Tbyp                  0.104   music_player_v2/note_player_three/dynamics/Madd__old_sample_help_reg1_9_cy<11>
                                                       music_player_v2/note_player_three/dynamics/Madd__old_sample_help_reg1_9_cy<11>
    SLICE_X13Y57.CIN     net (fanout=1)        0.000   music_player_v2/note_player_three/dynamics/Madd__old_sample_help_reg1_9_cy<11>
    SLICE_X13Y57.AMUX    Tcina                 0.271   music_player_v2/note_player_three/dynamics/_old_sample_help_reg1_9<15>
                                                       music_player_v2/note_player_three/dynamics/Madd__old_sample_help_reg1_9_xor<15>
    DSP48_X0Y21.A19      net (fanout=1)        1.227   music_player_v2/note_player_three/dynamics/_old_sample_help_reg1_9<12>
    DSP48_X0Y21.P2       Tdspdo_AP_M           3.646   music_player_v2/note_player_three/dynamics/Mmult_sample_help_reg2_mult0001
                                                       music_player_v2/note_player_three/dynamics/Mmult_sample_help_reg2_mult0001
    SLICE_X19Y50.C4      net (fanout=1)        1.170   music_player_v2/note_player_three/dynamics/sample_help_reg2_mult0001<2>
    SLICE_X19Y50.COUT    Topcyc                0.423   music_player_v2/note_player_three/dynamics/Madd_decayed_sample_reg_addsub0000_cy<3>
                                                       music_player_v2/note_player_three/dynamics/Madd_decayed_sample_reg_not0000<2>1_INV_0
                                                       music_player_v2/note_player_three/dynamics/Madd_decayed_sample_reg_addsub0000_cy<3>
    SLICE_X19Y51.CIN     net (fanout=1)        0.000   music_player_v2/note_player_three/dynamics/Madd_decayed_sample_reg_addsub0000_cy<3>
    SLICE_X19Y51.COUT    Tbyp                  0.104   music_player_v2/note_player_three/dynamics/Madd_decayed_sample_reg_addsub0000_cy<7>
                                                       music_player_v2/note_player_three/dynamics/Madd_decayed_sample_reg_addsub0000_cy<7>
    SLICE_X19Y52.CIN     net (fanout=1)        0.000   music_player_v2/note_player_three/dynamics/Madd_decayed_sample_reg_addsub0000_cy<7>
    SLICE_X19Y52.COUT    Tbyp                  0.104   music_player_v2/note_player_three/dynamics/Madd_decayed_sample_reg_addsub0000_cy<11>
                                                       music_player_v2/note_player_three/dynamics/Madd_decayed_sample_reg_addsub0000_cy<11>
    SLICE_X19Y53.CIN     net (fanout=1)        0.000   music_player_v2/note_player_three/dynamics/Madd_decayed_sample_reg_addsub0000_cy<11>
    SLICE_X19Y53.COUT    Tbyp                  0.104   music_player_v2/note_player_three/dynamics/Madd_decayed_sample_reg_addsub0000_cy<15>
                                                       music_player_v2/note_player_three/dynamics/Madd_decayed_sample_reg_addsub0000_cy<15>
    SLICE_X19Y54.CIN     net (fanout=1)        0.000   music_player_v2/note_player_three/dynamics/Madd_decayed_sample_reg_addsub0000_cy<15>
    SLICE_X19Y54.COUT    Tbyp                  0.104   music_player_v2/note_player_three/dynamics/Madd_decayed_sample_reg_addsub0000_cy<19>
                                                       music_player_v2/note_player_three/dynamics/Madd_decayed_sample_reg_addsub0000_cy<19>
    SLICE_X19Y55.CIN     net (fanout=1)        0.000   music_player_v2/note_player_three/dynamics/Madd_decayed_sample_reg_addsub0000_cy<19>
    SLICE_X19Y55.COUT    Tbyp                  0.104   music_player_v2/note_player_three/dynamics/Madd_decayed_sample_reg_addsub0000_cy<23>
                                                       music_player_v2/note_player_three/dynamics/Madd_decayed_sample_reg_addsub0000_cy<23>
    SLICE_X19Y56.CIN     net (fanout=1)        0.000   music_player_v2/note_player_three/dynamics/Madd_decayed_sample_reg_addsub0000_cy<23>
    SLICE_X19Y56.DMUX    Tcind                 0.402   music_player_v2/note_player_three/dynamics/Madd_decayed_sample_reg_addsub0000_cy<27>
                                                       music_player_v2/note_player_three/dynamics/Madd_decayed_sample_reg_addsub0000_cy<27>
    SLICE_X18Y57.A6      net (fanout=1)        0.446   music_player_v2/note_player_three/dynamics/decayed_sample_reg_addsub0000<27>
    SLICE_X18Y57.CLK     Tas                   0.026   music_player_v2/note_player_three/pipe/q<14>
                                                       music_player_v2/note_player_three/dynamics/sample_out<11>1
                                                       music_player_v2/note_player_three/pipe/q_11
    -------------------------------------------------  ---------------------------
    Total                                      9.826ns (6.455ns logic, 3.371ns route)
                                                       (65.7% logic, 34.3% route)

--------------------------------------------------------------------------------
Slack (setup path):     0.132ns (requirement - (data path - clock path skew + uncertainty))
  Source:               music_player_v2/note_player_three/pipe7/q_0 (FF)
  Destination:          music_player_v2/note_player_three/pipe/q_11 (FF)
  Requirement:          10.000ns
  Data Path Delay:      9.807ns (Levels of Logic = 12)
  Clock Path Skew:      -0.026ns (0.654 - 0.680)
  Source Clock:         clk_IBUF rising at 0.000ns
  Destination Clock:    clk_IBUF rising at 10.000ns
  Clock Uncertainty:    0.035ns

  Clock Uncertainty:          0.035ns  ((TSJ^2 + TIJ^2)^1/2 + DJ) / 2 + PE
    Total System Jitter (TSJ):  0.070ns
    Total Input Jitter (TIJ):   0.000ns
    Discrete Jitter (DJ):       0.000ns
    Phase Error (PE):           0.000ns

  Maximum Data Path: music_player_v2/note_player_three/pipe7/q_0 to music_player_v2/note_player_three/pipe/q_11
    Location             Delay type         Delay(ns)  Physical Resource
                                                       Logical Resource(s)
    -------------------------------------------------  -------------------
    SLICE_X13Y54.DQ      Tcko                  0.450   music_player_v2/note_player_three/pipe7/q<0>
                                                       music_player_v2/note_player_three/pipe7/q_0
    SLICE_X13Y54.A5      net (fanout=2)        0.528   music_player_v2/note_player_three/pipe7/q<0>
    SLICE_X13Y54.COUT    Topcya                0.509   music_player_v2/note_player_three/pipe7/q<0>
                                                       music_player_v2/note_player_three/pipe7/q<0>_rt
                                                       music_player_v2/note_player_three/dynamics/Madd__old_sample_help_reg1_9_cy<3>
    SLICE_X13Y55.CIN     net (fanout=1)        0.000   music_player_v2/note_player_three/dynamics/Madd__old_sample_help_reg1_9_cy<3>
    SLICE_X13Y55.COUT    Tbyp                  0.104   music_player_v2/note_player_three/dynamics/Madd__old_sample_help_reg1_9_cy<7>
                                                       music_player_v2/note_player_three/dynamics/Madd__old_sample_help_reg1_9_cy<7>
    SLICE_X13Y56.CIN     net (fanout=1)        0.000   music_player_v2/note_player_three/dynamics/Madd__old_sample_help_reg1_9_cy<7>
    SLICE_X13Y56.DMUX    Tcind                 0.402   music_player_v2/note_player_three/dynamics/Madd__old_sample_help_reg1_9_cy<11>
                                                       music_player_v2/note_player_three/dynamics/Madd__old_sample_help_reg1_9_cy<11>
    DSP48_X0Y21.A18      net (fanout=1)        1.181   music_player_v2/note_player_three/dynamics/_old_sample_help_reg1_9<11>
    DSP48_X0Y21.P2       Tdspdo_AP_M           3.646   music_player_v2/note_player_three/dynamics/Mmult_sample_help_reg2_mult0001
                                                       music_player_v2/note_player_three/dynamics/Mmult_sample_help_reg2_mult0001
    SLICE_X19Y50.C4      net (fanout=1)        1.170   music_player_v2/note_player_three/dynamics/sample_help_reg2_mult0001<2>
    SLICE_X19Y50.COUT    Topcyc                0.423   music_player_v2/note_player_three/dynamics/Madd_decayed_sample_reg_addsub0000_cy<3>
                                                       music_player_v2/note_player_three/dynamics/Madd_decayed_sample_reg_not0000<2>1_INV_0
                                                       music_player_v2/note_player_three/dynamics/Madd_decayed_sample_reg_addsub0000_cy<3>
    SLICE_X19Y51.CIN     net (fanout=1)        0.000   music_player_v2/note_player_three/dynamics/Madd_decayed_sample_reg_addsub0000_cy<3>
    SLICE_X19Y51.COUT    Tbyp                  0.104   music_player_v2/note_player_three/dynamics/Madd_decayed_sample_reg_addsub0000_cy<7>
                                                       music_player_v2/note_player_three/dynamics/Madd_decayed_sample_reg_addsub0000_cy<7>
    SLICE_X19Y52.CIN     net (fanout=1)        0.000   music_player_v2/note_player_three/dynamics/Madd_decayed_sample_reg_addsub0000_cy<7>
    SLICE_X19Y52.COUT    Tbyp                  0.104   music_player_v2/note_player_three/dynamics/Madd_decayed_sample_reg_addsub0000_cy<11>
                                                       music_player_v2/note_player_three/dynamics/Madd_decayed_sample_reg_addsub0000_cy<11>
    SLICE_X19Y53.CIN     net (fanout=1)        0.000   music_player_v2/note_player_three/dynamics/Madd_decayed_sample_reg_addsub0000_cy<11>
    SLICE_X19Y53.COUT    Tbyp                  0.104   music_player_v2/note_player_three/dynamics/Madd_decayed_sample_reg_addsub0000_cy<15>
                                                       music_player_v2/note_player_three/dynamics/Madd_decayed_sample_reg_addsub0000_cy<15>
    SLICE_X19Y54.CIN     net (fanout=1)        0.000   music_player_v2/note_player_three/dynamics/Madd_decayed_sample_reg_addsub0000_cy<15>
    SLICE_X19Y54.COUT    Tbyp                  0.104   music_player_v2/note_player_three/dynamics/Madd_decayed_sample_reg_addsub0000_cy<19>
                                                       music_player_v2/note_player_three/dynamics/Madd_decayed_sample_reg_addsub0000_cy<19>
    SLICE_X19Y55.CIN     net (fanout=1)        0.000   music_player_v2/note_player_three/dynamics/Madd_decayed_sample_reg_addsub0000_cy<19>
    SLICE_X19Y55.COUT    Tbyp                  0.104   music_player_v2/note_player_three/dynamics/Madd_decayed_sample_reg_addsub0000_cy<23>
                                                       music_player_v2/note_player_three/dynamics/Madd_decayed_sample_reg_addsub0000_cy<23>
    SLICE_X19Y56.CIN     net (fanout=1)        0.000   music_player_v2/note_player_three/dynamics/Madd_decayed_sample_reg_addsub0000_cy<23>
    SLICE_X19Y56.DMUX    Tcind                 0.402   music_player_v2/note_player_three/dynamics/Madd_decayed_sample_reg_addsub0000_cy<27>
                                                       music_player_v2/note_player_three/dynamics/Madd_decayed_sample_reg_addsub0000_cy<27>
    SLICE_X18Y57.A6      net (fanout=1)        0.446   music_player_v2/note_player_three/dynamics/decayed_sample_reg_addsub0000<27>
    SLICE_X18Y57.CLK     Tas                   0.026   music_player_v2/note_player_three/pipe/q<14>
                                                       music_player_v2/note_player_three/dynamics/sample_out<11>1
                                                       music_player_v2/note_player_three/pipe/q_11
    -------------------------------------------------  ---------------------------
    Total                                      9.807ns (6.482ns logic, 3.325ns route)
                                                       (66.1% logic, 33.9% route)

--------------------------------------------------------------------------------

Paths for end point music_player_v2/note_player_three/pipe/q_15 (SLICE_X18Y58.C6), 4384 paths
--------------------------------------------------------------------------------
Slack (setup path):     0.129ns (requirement - (data path - clock path skew + uncertainty))
  Source:               music_player_v2/note_player_three/pipe7/q_0 (FF)
  Destination:          music_player_v2/note_player_three/pipe/q_15 (FF)
  Requirement:          10.000ns
  Data Path Delay:      9.812ns (Levels of Logic = 14)
  Clock Path Skew:      -0.024ns (0.656 - 0.680)
  Source Clock:         clk_IBUF rising at 0.000ns
  Destination Clock:    clk_IBUF rising at 10.000ns
  Clock Uncertainty:    0.035ns

  Clock Uncertainty:          0.035ns  ((TSJ^2 + TIJ^2)^1/2 + DJ) / 2 + PE
    Total System Jitter (TSJ):  0.070ns
    Total Input Jitter (TIJ):   0.000ns
    Discrete Jitter (DJ):       0.000ns
    Phase Error (PE):           0.000ns

  Maximum Data Path: music_player_v2/note_player_three/pipe7/q_0 to music_player_v2/note_player_three/pipe/q_15
    Location             Delay type         Delay(ns)  Physical Resource
                                                       Logical Resource(s)
    -------------------------------------------------  -------------------
    SLICE_X13Y54.DQ      Tcko                  0.450   music_player_v2/note_player_three/pipe7/q<0>
                                                       music_player_v2/note_player_three/pipe7/q_0
    SLICE_X13Y54.A5      net (fanout=2)        0.528   music_player_v2/note_player_three/pipe7/q<0>
    SLICE_X13Y54.COUT    Topcya                0.509   music_player_v2/note_player_three/pipe7/q<0>
                                                       music_player_v2/note_player_three/pipe7/q<0>_rt
                                                       music_player_v2/note_player_three/dynamics/Madd__old_sample_help_reg1_9_cy<3>
    SLICE_X13Y55.CIN     net (fanout=1)        0.000   music_player_v2/note_player_three/dynamics/Madd__old_sample_help_reg1_9_cy<3>
    SLICE_X13Y55.COUT    Tbyp                  0.104   music_player_v2/note_player_three/dynamics/Madd__old_sample_help_reg1_9_cy<7>
                                                       music_player_v2/note_player_three/dynamics/Madd__old_sample_help_reg1_9_cy<7>
    SLICE_X13Y56.CIN     net (fanout=1)        0.000   music_player_v2/note_player_three/dynamics/Madd__old_sample_help_reg1_9_cy<7>
    SLICE_X13Y56.COUT    Tbyp                  0.104   music_player_v2/note_player_three/dynamics/Madd__old_sample_help_reg1_9_cy<11>
                                                       music_player_v2/note_player_three/dynamics/Madd__old_sample_help_reg1_9_cy<11>
    SLICE_X13Y57.CIN     net (fanout=1)        0.000   music_player_v2/note_player_three/dynamics/Madd__old_sample_help_reg1_9_cy<11>
    SLICE_X13Y57.BMUX    Tcinb                 0.335   music_player_v2/note_player_three/dynamics/_old_sample_help_reg1_9<15>
                                                       music_player_v2/note_player_three/dynamics/Madd__old_sample_help_reg1_9_xor<15>
    DSP48_X0Y21.A20      net (fanout=1)        1.187   music_player_v2/note_player_three/dynamics/_old_sample_help_reg1_9<13>
    DSP48_X0Y21.P2       Tdspdo_AP_M           3.646   music_player_v2/note_player_three/dynamics/Mmult_sample_help_reg2_mult0001
                                                       music_player_v2/note_player_three/dynamics/Mmult_sample_help_reg2_mult0001
    SLICE_X19Y50.C4      net (fanout=1)        1.170   music_player_v2/note_player_three/dynamics/sample_help_reg2_mult0001<2>
    SLICE_X19Y50.COUT    Topcyc                0.423   music_player_v2/note_player_three/dynamics/Madd_decayed_sample_reg_addsub0000_cy<3>
                                                       music_player_v2/note_player_three/dynamics/Madd_decayed_sample_reg_not0000<2>1_INV_0
                                                       music_player_v2/note_player_three/dynamics/Madd_decayed_sample_reg_addsub0000_cy<3>
    SLICE_X19Y51.CIN     net (fanout=1)        0.000   music_player_v2/note_player_three/dynamics/Madd_decayed_sample_reg_addsub0000_cy<3>
    SLICE_X19Y51.COUT    Tbyp                  0.104   music_player_v2/note_player_three/dynamics/Madd_decayed_sample_reg_addsub0000_cy<7>
                                                       music_player_v2/note_player_three/dynamics/Madd_decayed_sample_reg_addsub0000_cy<7>
    SLICE_X19Y52.CIN     net (fanout=1)        0.000   music_player_v2/note_player_three/dynamics/Madd_decayed_sample_reg_addsub0000_cy<7>
    SLICE_X19Y52.COUT    Tbyp                  0.104   music_player_v2/note_player_three/dynamics/Madd_decayed_sample_reg_addsub0000_cy<11>
                                                       music_player_v2/note_player_three/dynamics/Madd_decayed_sample_reg_addsub0000_cy<11>
    SLICE_X19Y53.CIN     net (fanout=1)        0.000   music_player_v2/note_player_three/dynamics/Madd_decayed_sample_reg_addsub0000_cy<11>
    SLICE_X19Y53.COUT    Tbyp                  0.104   music_player_v2/note_player_three/dynamics/Madd_decayed_sample_reg_addsub0000_cy<15>
                                                       music_player_v2/note_player_three/dynamics/Madd_decayed_sample_reg_addsub0000_cy<15>
    SLICE_X19Y54.CIN     net (fanout=1)        0.000   music_player_v2/note_player_three/dynamics/Madd_decayed_sample_reg_addsub0000_cy<15>
    SLICE_X19Y54.COUT    Tbyp                  0.104   music_player_v2/note_player_three/dynamics/Madd_decayed_sample_reg_addsub0000_cy<19>
                                                       music_player_v2/note_player_three/dynamics/Madd_decayed_sample_reg_addsub0000_cy<19>
    SLICE_X19Y55.CIN     net (fanout=1)        0.000   music_player_v2/note_player_three/dynamics/Madd_decayed_sample_reg_addsub0000_cy<19>
    SLICE_X19Y55.COUT    Tbyp                  0.104   music_player_v2/note_player_three/dynamics/Madd_decayed_sample_reg_addsub0000_cy<23>
                                                       music_player_v2/note_player_three/dynamics/Madd_decayed_sample_reg_addsub0000_cy<23>
    SLICE_X19Y56.CIN     net (fanout=1)        0.000   music_player_v2/note_player_three/dynamics/Madd_decayed_sample_reg_addsub0000_cy<23>
    SLICE_X19Y56.COUT    Tbyp                  0.104   music_player_v2/note_player_three/dynamics/Madd_decayed_sample_reg_addsub0000_cy<27>
                                                       music_player_v2/note_player_three/dynamics/Madd_decayed_sample_reg_addsub0000_cy<27>
    SLICE_X19Y57.CIN     net (fanout=1)        0.000   music_player_v2/note_player_three/dynamics/Madd_decayed_sample_reg_addsub0000_cy<27>
    SLICE_X19Y57.DMUX    Tcind                 0.402   music_player_v2/note_player_three/dynamics/decayed_sample_reg_addsub0000<31>
                                                       music_player_v2/note_player_three/dynamics/Madd_decayed_sample_reg_addsub0000_xor<31>
    SLICE_X18Y58.C6      net (fanout=1)        0.301   music_player_v2/note_player_three/dynamics/decayed_sample_reg_addsub0000<31>
    SLICE_X18Y58.CLK     Tas                   0.029   music_player_v2/note_player_three/pipe/q<15>
                                                       music_player_v2/note_player_three/dynamics/sample_out<15>1
                                                       music_player_v2/note_player_three/pipe/q_15
    -------------------------------------------------  ---------------------------
    Total                                      9.812ns (6.626ns logic, 3.186ns route)
                                                       (67.5% logic, 32.5% route)

--------------------------------------------------------------------------------
Slack (setup path):     0.153ns (requirement - (data path - clock path skew + uncertainty))
  Source:               music_player_v2/note_player_three/pipe7/q_0 (FF)
  Destination:          music_player_v2/note_player_three/pipe/q_15 (FF)
  Requirement:          10.000ns
  Data Path Delay:      9.788ns (Levels of Logic = 14)
  Clock Path Skew:      -0.024ns (0.656 - 0.680)
  Source Clock:         clk_IBUF rising at 0.000ns
  Destination Clock:    clk_IBUF rising at 10.000ns
  Clock Uncertainty:    0.035ns

  Clock Uncertainty:          0.035ns  ((TSJ^2 + TIJ^2)^1/2 + DJ) / 2 + PE
    Total System Jitter (TSJ):  0.070ns
    Total Input Jitter (TIJ):   0.000ns
    Discrete Jitter (DJ):       0.000ns
    Phase Error (PE):           0.000ns

  Maximum Data Path: music_player_v2/note_player_three/pipe7/q_0 to music_player_v2/note_player_three/pipe/q_15
    Location             Delay type         Delay(ns)  Physical Resource
                                                       Logical Resource(s)
    -------------------------------------------------  -------------------
    SLICE_X13Y54.DQ      Tcko                  0.450   music_player_v2/note_player_three/pipe7/q<0>
                                                       music_player_v2/note_player_three/pipe7/q_0
    SLICE_X13Y54.A5      net (fanout=2)        0.528   music_player_v2/note_player_three/pipe7/q<0>
    SLICE_X13Y54.COUT    Topcya                0.509   music_player_v2/note_player_three/pipe7/q<0>
                                                       music_player_v2/note_player_three/pipe7/q<0>_rt
                                                       music_player_v2/note_player_three/dynamics/Madd__old_sample_help_reg1_9_cy<3>
    SLICE_X13Y55.CIN     net (fanout=1)        0.000   music_player_v2/note_player_three/dynamics/Madd__old_sample_help_reg1_9_cy<3>
    SLICE_X13Y55.COUT    Tbyp                  0.104   music_player_v2/note_player_three/dynamics/Madd__old_sample_help_reg1_9_cy<7>
                                                       music_player_v2/note_player_three/dynamics/Madd__old_sample_help_reg1_9_cy<7>
    SLICE_X13Y56.CIN     net (fanout=1)        0.000   music_player_v2/note_player_three/dynamics/Madd__old_sample_help_reg1_9_cy<7>
    SLICE_X13Y56.COUT    Tbyp                  0.104   music_player_v2/note_player_three/dynamics/Madd__old_sample_help_reg1_9_cy<11>
                                                       music_player_v2/note_player_three/dynamics/Madd__old_sample_help_reg1_9_cy<11>
    SLICE_X13Y57.CIN     net (fanout=1)        0.000   music_player_v2/note_player_three/dynamics/Madd__old_sample_help_reg1_9_cy<11>
    SLICE_X13Y57.AMUX    Tcina                 0.271   music_player_v2/note_player_three/dynamics/_old_sample_help_reg1_9<15>
                                                       music_player_v2/note_player_three/dynamics/Madd__old_sample_help_reg1_9_xor<15>
    DSP48_X0Y21.A19      net (fanout=1)        1.227   music_player_v2/note_player_three/dynamics/_old_sample_help_reg1_9<12>
    DSP48_X0Y21.P2       Tdspdo_AP_M           3.646   music_player_v2/note_player_three/dynamics/Mmult_sample_help_reg2_mult0001
                                                       music_player_v2/note_player_three/dynamics/Mmult_sample_help_reg2_mult0001
    SLICE_X19Y50.C4      net (fanout=1)        1.170   music_player_v2/note_player_three/dynamics/sample_help_reg2_mult0001<2>
    SLICE_X19Y50.COUT    Topcyc                0.423   music_player_v2/note_player_three/dynamics/Madd_decayed_sample_reg_addsub0000_cy<3>
                                                       music_player_v2/note_player_three/dynamics/Madd_decayed_sample_reg_not0000<2>1_INV_0
                                                       music_player_v2/note_player_three/dynamics/Madd_decayed_sample_reg_addsub0000_cy<3>
    SLICE_X19Y51.CIN     net (fanout=1)        0.000   music_player_v2/note_player_three/dynamics/Madd_decayed_sample_reg_addsub0000_cy<3>
    SLICE_X19Y51.COUT    Tbyp                  0.104   music_player_v2/note_player_three/dynamics/Madd_decayed_sample_reg_addsub0000_cy<7>
                                                       music_player_v2/note_player_three/dynamics/Madd_decayed_sample_reg_addsub0000_cy<7>
    SLICE_X19Y52.CIN     net (fanout=1)        0.000   music_player_v2/note_player_three/dynamics/Madd_decayed_sample_reg_addsub0000_cy<7>
    SLICE_X19Y52.COUT    Tbyp                  0.104   music_player_v2/note_player_three/dynamics/Madd_decayed_sample_reg_addsub0000_cy<11>
                                                       music_player_v2/note_player_three/dynamics/Madd_decayed_sample_reg_addsub0000_cy<11>
    SLICE_X19Y53.CIN     net (fanout=1)        0.000   music_player_v2/note_player_three/dynamics/Madd_decayed_sample_reg_addsub0000_cy<11>
    SLICE_X19Y53.COUT    Tbyp                  0.104   music_player_v2/note_player_three/dynamics/Madd_decayed_sample_reg_addsub0000_cy<15>
                                                       music_player_v2/note_player_three/dynamics/Madd_decayed_sample_reg_addsub0000_cy<15>
    SLICE_X19Y54.CIN     net (fanout=1)        0.000   music_player_v2/note_player_three/dynamics/Madd_decayed_sample_reg_addsub0000_cy<15>
    SLICE_X19Y54.COUT    Tbyp                  0.104   music_player_v2/note_player_three/dynamics/Madd_decayed_sample_reg_addsub0000_cy<19>
                                                       music_player_v2/note_player_three/dynamics/Madd_decayed_sample_reg_addsub0000_cy<19>
    SLICE_X19Y55.CIN     net (fanout=1)        0.000   music_player_v2/note_player_three/dynamics/Madd_decayed_sample_reg_addsub0000_cy<19>
    SLICE_X19Y55.COUT    Tbyp                  0.104   music_player_v2/note_player_three/dynamics/Madd_decayed_sample_reg_addsub0000_cy<23>
                                                       music_player_v2/note_player_three/dynamics/Madd_decayed_sample_reg_addsub0000_cy<23>
    SLICE_X19Y56.CIN     net (fanout=1)        0.000   music_player_v2/note_player_three/dynamics/Madd_decayed_sample_reg_addsub0000_cy<23>
    SLICE_X19Y56.COUT    Tbyp                  0.104   music_player_v2/note_player_three/dynamics/Madd_decayed_sample_reg_addsub0000_cy<27>
                                                       music_player_v2/note_player_three/dynamics/Madd_decayed_sample_reg_addsub0000_cy<27>
    SLICE_X19Y57.CIN     net (fanout=1)        0.000   music_player_v2/note_player_three/dynamics/Madd_decayed_sample_reg_addsub0000_cy<27>
    SLICE_X19Y57.DMUX    Tcind                 0.402   music_player_v2/note_player_three/dynamics/decayed_sample_reg_addsub0000<31>
                                                       music_player_v2/note_player_three/dynamics/Madd_decayed_sample_reg_addsub0000_xor<31>
    SLICE_X18Y58.C6      net (fanout=1)        0.301   music_player_v2/note_player_three/dynamics/decayed_sample_reg_addsub0000<31>
    SLICE_X18Y58.CLK     Tas                   0.029   music_player_v2/note_player_three/pipe/q<15>
                                                       music_player_v2/note_player_three/dynamics/sample_out<15>1
                                                       music_player_v2/note_player_three/pipe/q_15
    -------------------------------------------------  ---------------------------
    Total                                      9.788ns (6.562ns logic, 3.226ns route)
                                                       (67.0% logic, 33.0% route)

--------------------------------------------------------------------------------
Slack (setup path):     0.172ns (requirement - (data path - clock path skew + uncertainty))
  Source:               music_player_v2/note_player_three/pipe7/q_0 (FF)
  Destination:          music_player_v2/note_player_three/pipe/q_15 (FF)
  Requirement:          10.000ns
  Data Path Delay:      9.769ns (Levels of Logic = 13)
  Clock Path Skew:      -0.024ns (0.656 - 0.680)
  Source Clock:         clk_IBUF rising at 0.000ns
  Destination Clock:    clk_IBUF rising at 10.000ns
  Clock Uncertainty:    0.035ns

  Clock Uncertainty:          0.035ns  ((TSJ^2 + TIJ^2)^1/2 + DJ) / 2 + PE
    Total System Jitter (TSJ):  0.070ns
    Total Input Jitter (TIJ):   0.000ns
    Discrete Jitter (DJ):       0.000ns
    Phase Error (PE):           0.000ns

  Maximum Data Path: music_player_v2/note_player_three/pipe7/q_0 to music_player_v2/note_player_three/pipe/q_15
    Location             Delay type         Delay(ns)  Physical Resource
                                                       Logical Resource(s)
    -------------------------------------------------  -------------------
    SLICE_X13Y54.DQ      Tcko                  0.450   music_player_v2/note_player_three/pipe7/q<0>
                                                       music_player_v2/note_player_three/pipe7/q_0
    SLICE_X13Y54.A5      net (fanout=2)        0.528   music_player_v2/note_player_three/pipe7/q<0>
    SLICE_X13Y54.COUT    Topcya                0.509   music_player_v2/note_player_three/pipe7/q<0>
                                                       music_player_v2/note_player_three/pipe7/q<0>_rt
                                                       music_player_v2/note_player_three/dynamics/Madd__old_sample_help_reg1_9_cy<3>
    SLICE_X13Y55.CIN     net (fanout=1)        0.000   music_player_v2/note_player_three/dynamics/Madd__old_sample_help_reg1_9_cy<3>
    SLICE_X13Y55.COUT    Tbyp                  0.104   music_player_v2/note_player_three/dynamics/Madd__old_sample_help_reg1_9_cy<7>
                                                       music_player_v2/note_player_three/dynamics/Madd__old_sample_help_reg1_9_cy<7>
    SLICE_X13Y56.CIN     net (fanout=1)        0.000   music_player_v2/note_player_three/dynamics/Madd__old_sample_help_reg1_9_cy<7>
    SLICE_X13Y56.DMUX    Tcind                 0.402   music_player_v2/note_player_three/dynamics/Madd__old_sample_help_reg1_9_cy<11>
                                                       music_player_v2/note_player_three/dynamics/Madd__old_sample_help_reg1_9_cy<11>
    DSP48_X0Y21.A18      net (fanout=1)        1.181   music_player_v2/note_player_three/dynamics/_old_sample_help_reg1_9<11>
    DSP48_X0Y21.P2       Tdspdo_AP_M           3.646   music_player_v2/note_player_three/dynamics/Mmult_sample_help_reg2_mult0001
                                                       music_player_v2/note_player_three/dynamics/Mmult_sample_help_reg2_mult0001
    SLICE_X19Y50.C4      net (fanout=1)        1.170   music_player_v2/note_player_three/dynamics/sample_help_reg2_mult0001<2>
    SLICE_X19Y50.COUT    Topcyc                0.423   music_player_v2/note_player_three/dynamics/Madd_decayed_sample_reg_addsub0000_cy<3>
                                                       music_player_v2/note_player_three/dynamics/Madd_decayed_sample_reg_not0000<2>1_INV_0
                                                       music_player_v2/note_player_three/dynamics/Madd_decayed_sample_reg_addsub0000_cy<3>
    SLICE_X19Y51.CIN     net (fanout=1)        0.000   music_player_v2/note_player_three/dynamics/Madd_decayed_sample_reg_addsub0000_cy<3>
    SLICE_X19Y51.COUT    Tbyp                  0.104   music_player_v2/note_player_three/dynamics/Madd_decayed_sample_reg_addsub0000_cy<7>
                                                       music_player_v2/note_player_three/dynamics/Madd_decayed_sample_reg_addsub0000_cy<7>
    SLICE_X19Y52.CIN     net (fanout=1)        0.000   music_player_v2/note_player_three/dynamics/Madd_decayed_sample_reg_addsub0000_cy<7>
    SLICE_X19Y52.COUT    Tbyp                  0.104   music_player_v2/note_player_three/dynamics/Madd_decayed_sample_reg_addsub0000_cy<11>
                                                       music_player_v2/note_player_three/dynamics/Madd_decayed_sample_reg_addsub0000_cy<11>
    SLICE_X19Y53.CIN     net (fanout=1)        0.000   music_player_v2/note_player_three/dynamics/Madd_decayed_sample_reg_addsub0000_cy<11>
    SLICE_X19Y53.COUT    Tbyp                  0.104   music_player_v2/note_player_three/dynamics/Madd_decayed_sample_reg_addsub0000_cy<15>
                                                       music_player_v2/note_player_three/dynamics/Madd_decayed_sample_reg_addsub0000_cy<15>
    SLICE_X19Y54.CIN     net (fanout=1)        0.000   music_player_v2/note_player_three/dynamics/Madd_decayed_sample_reg_addsub0000_cy<15>
    SLICE_X19Y54.COUT    Tbyp                  0.104   music_player_v2/note_player_three/dynamics/Madd_decayed_sample_reg_addsub0000_cy<19>
                                                       music_player_v2/note_player_three/dynamics/Madd_decayed_sample_reg_addsub0000_cy<19>
    SLICE_X19Y55.CIN     net (fanout=1)        0.000   music_player_v2/note_player_three/dynamics/Madd_decayed_sample_reg_addsub0000_cy<19>
    SLICE_X19Y55.COUT    Tbyp                  0.104   music_player_v2/note_player_three/dynamics/Madd_decayed_sample_reg_addsub0000_cy<23>
                                                       music_player_v2/note_player_three/dynamics/Madd_decayed_sample_reg_addsub0000_cy<23>
    SLICE_X19Y56.CIN     net (fanout=1)        0.000   music_player_v2/note_player_three/dynamics/Madd_decayed_sample_reg_addsub0000_cy<23>
    SLICE_X19Y56.COUT    Tbyp                  0.104   music_player_v2/note_player_three/dynamics/Madd_decayed_sample_reg_addsub0000_cy<27>
                                                       music_player_v2/note_player_three/dynamics/Madd_decayed_sample_reg_addsub0000_cy<27>
    SLICE_X19Y57.CIN     net (fanout=1)        0.000   music_player_v2/note_player_three/dynamics/Madd_decayed_sample_reg_addsub0000_cy<27>
    SLICE_X19Y57.DMUX    Tcind                 0.402   music_player_v2/note_player_three/dynamics/decayed_sample_reg_addsub0000<31>
                                                       music_player_v2/note_player_three/dynamics/Madd_decayed_sample_reg_addsub0000_xor<31>
    SLICE_X18Y58.C6      net (fanout=1)        0.301   music_player_v2/note_player_three/dynamics/decayed_sample_reg_addsub0000<31>
    SLICE_X18Y58.CLK     Tas                   0.029   music_player_v2/note_player_three/pipe/q<15>
                                                       music_player_v2/note_player_three/dynamics/sample_out<15>1
                                                       music_player_v2/note_player_three/pipe/q_15
    -------------------------------------------------  ---------------------------
    Total                                      9.769ns (6.589ns logic, 3.180ns route)
                                                       (67.4% logic, 32.6% route)

--------------------------------------------------------------------------------

Hold Paths: TS_clock = PERIOD TIMEGRP "clock" 10 ns HIGH 50%;
--------------------------------------------------------------------------------

Paths for end point fast_forward_button_press_unit/debounce/state/q_1 (SLICE_X63Y39.A6), 1 path
--------------------------------------------------------------------------------
Slack (hold path):      0.353ns (requirement - (clock path skew + uncertainty - data path))
  Source:               fast_forward_button_press_unit/debounce/counter/q_12 (FF)
  Destination:          fast_forward_button_press_unit/debounce/state/q_1 (FF)
  Requirement:          0.000ns
  Data Path Delay:      0.494ns (Levels of Logic = 1)
  Clock Path Skew:      0.141ns (1.417 - 1.276)
  Source Clock:         clk_IBUF rising at 10.000ns
  Destination Clock:    clk_IBUF rising at 10.000ns
  Clock Uncertainty:    0.000ns

  Minimum Data Path: fast_forward_button_press_unit/debounce/counter/q_12 to fast_forward_button_press_unit/debounce/state/q_1
    Location             Delay type         Delay(ns)  Physical Resource
                                                       Logical Resource(s)
    -------------------------------------------------  -------------------
    SLICE_X62Y41.AQ      Tcko                  0.414   fast_forward_button_press_unit/debounce/counter/q<15>
                                                       fast_forward_button_press_unit/debounce/counter/q_12
    SLICE_X63Y39.A6      net (fanout=3)        0.277   fast_forward_button_press_unit/debounce/counter/q<12>
    SLICE_X63Y39.CLK     Tah         (-Th)     0.197   fast_forward_button_press_unit/debounce/state/q<1>
                                                       fast_forward_button_press_unit/debounce/next_state_d<1>258
                                                       fast_forward_button_press_unit/debounce/state/q_1
    -------------------------------------------------  ---------------------------
    Total                                      0.494ns (0.217ns logic, 0.277ns route)
                                                       (43.9% logic, 56.1% route)

--------------------------------------------------------------------------------

Paths for end point music_player_v2/echo/delayed_sample_ram/Mram_RAM_ren9 (RAMB36_X1Y15.DIADIL0), 2 paths
--------------------------------------------------------------------------------
Slack (hold path):      0.433ns (requirement - (clock path skew + uncertainty - data path))
  Source:               music_player_v2/echo/sample_ff/q_8 (FF)
  Destination:          music_player_v2/echo/delayed_sample_ram/Mram_RAM_ren9 (RAM)
  Requirement:          0.000ns
  Data Path Delay:      0.624ns (Levels of Logic = 0)
  Clock Path Skew:      0.191ns (0.802 - 0.611)
  Source Clock:         clk_IBUF rising at 10.000ns
  Destination Clock:    clk_IBUF rising at 10.000ns
  Clock Uncertainty:    0.000ns

  Minimum Data Path: music_player_v2/echo/sample_ff/q_8 to music_player_v2/echo/delayed_sample_ram/Mram_RAM_ren9
    Location                Delay type         Delay(ns)  Physical Resource
                                                          Logical Resource(s)
    ----------------------------------------------------  -------------------
    SLICE_X21Y74.AQ         Tcko                  0.414   music_player_v2/echo/sample_ff/q<11>
                                                          music_player_v2/echo/sample_ff/q_8
    RAMB36_X1Y15.DIADIL0    net (fanout=4)        0.496   music_player_v2/echo/sample_ff/q<8>
    RAMB36_X1Y15.CLKARDCLKU Trckd_DIA   (-Th)     0.286   music_player_v2/echo/delayed_sample_ram/Mram_RAM_ren9
                                                          music_player_v2/echo/delayed_sample_ram/Mram_RAM_ren9
    ----------------------------------------------------  ---------------------------
    Total                                         0.624ns (0.128ns logic, 0.496ns route)
                                                          (20.5% logic, 79.5% route)

--------------------------------------------------------------------------------
Slack (hold path):      0.438ns (requirement - (clock path skew + uncertainty - data path))
  Source:               music_player_v2/echo/sample_ff/q_8 (FF)
  Destination:          music_player_v2/echo/delayed_sample_ram/Mram_RAM_ren9 (RAM)
  Requirement:          0.000ns
  Data Path Delay:      0.624ns (Levels of Logic = 0)
  Clock Path Skew:      0.186ns (0.797 - 0.611)
  Source Clock:         clk_IBUF rising at 10.000ns
  Destination Clock:    clk_IBUF rising at 10.000ns
  Clock Uncertainty:    0.000ns

  Minimum Data Path: music_player_v2/echo/sample_ff/q_8 to music_player_v2/echo/delayed_sample_ram/Mram_RAM_ren9
    Location                Delay type         Delay(ns)  Physical Resource
                                                          Logical Resource(s)
    ----------------------------------------------------  -------------------
    SLICE_X21Y74.AQ         Tcko                  0.414   music_player_v2/echo/sample_ff/q<11>
                                                          music_player_v2/echo/sample_ff/q_8
    RAMB36_X1Y15.DIADIL0    net (fanout=4)        0.496   music_player_v2/echo/sample_ff/q<8>
    RAMB36_X1Y15.CLKARDCLKL Trckd_DIA   (-Th)     0.286   music_player_v2/echo/delayed_sample_ram/Mram_RAM_ren9
                                                          music_player_v2/echo/delayed_sample_ram/Mram_RAM_ren9
    ----------------------------------------------------  ---------------------------
    Total                                         0.624ns (0.128ns logic, 0.496ns route)
                                                          (20.5% logic, 79.5% route)

--------------------------------------------------------------------------------

Paths for end point music_player_v2/echo/delayed_sample_ram/Mram_RAM_ren9 (RAMB36_X1Y15.DIADIU0), 1 path
--------------------------------------------------------------------------------
Slack (hold path):      0.433ns (requirement - (clock path skew + uncertainty - data path))
  Source:               music_player_v2/echo/sample_ff/q_8 (FF)
  Destination:          music_player_v2/echo/delayed_sample_ram/Mram_RAM_ren9 (RAM)
  Requirement:          0.000ns
  Data Path Delay:      0.624ns (Levels of Logic = 0)
  Clock Path Skew:      0.191ns (0.802 - 0.611)
  Source Clock:         clk_IBUF rising at 10.000ns
  Destination Clock:    clk_IBUF rising at 10.000ns
  Clock Uncertainty:    0.000ns

  Minimum Data Path: music_player_v2/echo/sample_ff/q_8 to music_player_v2/echo/delayed_sample_ram/Mram_RAM_ren9
    Location                Delay type         Delay(ns)  Physical Resource
                                                          Logical Resource(s)
    ----------------------------------------------------  -------------------
    SLICE_X21Y74.AQ         Tcko                  0.414   music_player_v2/echo/sample_ff/q<11>
                                                          music_player_v2/echo/sample_ff/q_8
    RAMB36_X1Y15.DIADIU0    net (fanout=4)        0.496   music_player_v2/echo/sample_ff/q<8>
    RAMB36_X1Y15.CLKARDCLKU Trckd_DIA   (-Th)     0.286   music_player_v2/echo/delayed_sample_ram/Mram_RAM_ren9
                                                          music_player_v2/echo/delayed_sample_ram/Mram_RAM_ren9
    ----------------------------------------------------  ---------------------------
    Total                                         0.624ns (0.128ns logic, 0.496ns route)
                                                          (20.5% logic, 79.5% route)

--------------------------------------------------------------------------------

Component Switching Limit Checks: TS_clock = PERIOD TIMEGRP "clock" 10 ns HIGH 50%;
--------------------------------------------------------------------------------
Slack: 7.500ns (period - min period limit)
  Period: 10.000ns
  Min period limit: 2.500ns (400.000MHz) (Trper_CLKA)
  Physical resource: music_player_v2/echo/delayed_sample_ram/Mram_RAM_ren101/CLKAL
  Logical resource: music_player_v2/echo/delayed_sample_ram/Mram_RAM_ren101/CLKAL
  Location pin: RAMB36_X2Y14.CLKARDCLKL
  Clock network: clk_IBUF
--------------------------------------------------------------------------------
Slack: 7.500ns (period - min period limit)
  Period: 10.000ns
  Min period limit: 2.500ns (400.000MHz) (Trper_CLKA)
  Physical resource: music_player_v2/echo/delayed_sample_ram/Mram_RAM_ren101/CLKAU
  Logical resource: music_player_v2/echo/delayed_sample_ram/Mram_RAM_ren101/CLKAU
  Location pin: RAMB36_X2Y14.CLKARDCLKU
  Clock network: clk_IBUF
--------------------------------------------------------------------------------
Slack: 7.500ns (period - min period limit)
  Period: 10.000ns
  Min period limit: 2.500ns (400.000MHz) (Trper_CLKB)
  Physical resource: music_player_v2/echo/delayed_sample_ram/Mram_RAM_ren101/CLKBL
  Logical resource: music_player_v2/echo/delayed_sample_ram/Mram_RAM_ren101/CLKBL
  Location pin: RAMB36_X2Y14.CLKBWRCLKL
  Clock network: clk_IBUF
--------------------------------------------------------------------------------


All constraints were met.


Data Sheet report:
-----------------
All values displayed in nanoseconds (ns)

Clock to Setup on destination clock clk
---------------+---------+---------+---------+---------+
               | Src:Rise| Src:Fall| Src:Rise| Src:Fall|
Source Clock   |Dest:Rise|Dest:Rise|Dest:Fall|Dest:Fall|
---------------+---------+---------+---------+---------+
clk            |    9.951|         |         |         |
---------------+---------+---------+---------+---------+


Timing summary:
---------------

Timing errors: 0  Score: 0  (Setup/Max: 0, Hold: 0)

Constraints cover 1997516 paths, 0 nets, and 13053 connections

Design statistics:
   Minimum period:   9.951ns{1}   (Maximum frequency: 100.492MHz)


------------------------------------Footnotes-----------------------------------
1)  The minimum period statistic assumes all single cycle delays.

Analysis completed Mon Dec  8 18:39:19 2014 
--------------------------------------------------------------------------------

Trace Settings:
-------------------------
Trace Settings 

Peak Memory Usage: 334 MB



